 0000           ; MCS PRAKTIKUM 1 AUFG 1 Ochsendorf Marcel 3120232
 0000           
 0000           
                .AREA   Memory (abs)
 1000           STACK	=	$1000		; Nach RESET $1000, nach SetUp $2000=(End of RAM)+1
 F800           SetUp	=	$F800		; Suboutine System SetUp
 0000           
 0000           
 0000           
 0001           PORTB	=	$0001
 0248           PORTS	=	$0248
 024A           DDRS	=	$024A
 0000           
 0000           
 0000           
 0000           
                        .ORG    $1000           ; Variablen ab 0x1000
                        .ORG    $4000           ; Program Code ab 0x4000
                        
                        
 4000 CF1000    START:  LDS     #STACK          ; Setzen Stackpointer
 4003 16F800                    JSR     SetUp                   ; System SetUp
 4006           
 4006                           
 4006 180BF0024A INIT:  MOVB    #0b11110000,DDRS;         ; SETUP PORT DDRS
 400B                             
 400B           
 400B           
 400B B60001    MAIN:   LDAA PORTB               ; LESE PORT B EIN
 400E 48                        LSLA                     ; SCHIEBE ERGEBNIS AUF 4 BIT NACH LINKS
 400F 48                        LSLA                     ; SCHIEBE ERGEBNIS AUF 4 BIT NACH LINKS
 4010 48                        LSLA                     ; SCHIEBE ERGEBNIS AUF 4 BIT NACH LINKS
 4011 48                        LSLA                     ; SCHIEBE ERGEBNIS AUF 4 BIT NACH LINKS
 4012 7A0248                    STA PORTS
 4015 06400B                    JMP MAIN                 ; WIEDERHOLE
 4018                   
 4018            
 4018           ; **********************************************************************************
 4018           
                        .ORG    $FFFE
 FFFE 4000              .DW     START           ; RESTART Vektor
